d:\study\socket\mfcsocketclient\mfcsocketclient\x64\debug\vc143.pdb
d:\study\socket\mfcsocketclient\mfcsocketclient\x64\debug\vc143.idb
d:\study\socket\mfcsocketclient\mfcsocketclient\x64\debug\mainfrm.obj
d:\study\socket\mfcsocketclient\mfcsocketclient\x64\debug\mfcsocketclientview.obj
d:\study\socket\mfcsocketclient\mfcsocketclient\x64\debug\mfcsocketclientdoc.obj
d:\study\socket\mfcsocketclient\mfcsocketclient\x64\debug\mfcsocketclient.obj
d:\study\socket\mfcsocketclient\mfcsocketclient\x64\debug\cclientdlg.obj
d:\study\socket\mfcsocketclient\mfcsocketclient\x64\debug\mfcsocketclient.pch
d:\study\socket\mfcsocketclient\mfcsocketclient\x64\debug\pch.obj
d:\study\socket\mfcsocketclient\mfcsocketclient\x64\debug\clientsocket.obj
d:\study\socket\mfcsocketclient\mfcsocketclient\x64\debug\dao.obj
d:\study\socket\mfcsocketclient\mfcsocketclient\x64\debug\attend.obj
d:\study\socket\mfcsocketclient\x64\debug\mfcsocketclient.exe
d:\study\socket\mfcsocketclient\mfcsocketclient\x64\debug\mfcsocketclient.ilk
d:\study\socket\mfcsocketclient\x64\debug\mfcsocketclient.pdb
d:\study\socket\mfcsocketclient\mfcsocketclient\x64\debug\mfcsocketclient.res
d:\study\socket\mfcsocketclient\mfcsocketclient\x64\debug\mfcsocketclient.tlog\cl.command.1.tlog
d:\study\socket\mfcsocketclient\mfcsocketclient\x64\debug\mfcsocketclient.tlog\cl.read.1.tlog
d:\study\socket\mfcsocketclient\mfcsocketclient\x64\debug\mfcsocketclient.tlog\cl.write.1.tlog
d:\study\socket\mfcsocketclient\mfcsocketclient\x64\debug\mfcsocketclient.tlog\link.command.1.tlog
d:\study\socket\mfcsocketclient\mfcsocketclient\x64\debug\mfcsocketclient.tlog\link.read.1.tlog
d:\study\socket\mfcsocketclient\mfcsocketclient\x64\debug\mfcsocketclient.tlog\link.write.1.tlog
d:\study\socket\mfcsocketclient\mfcsocketclient\x64\debug\mfcsocketclient.tlog\rc.command.1.tlog
d:\study\socket\mfcsocketclient\mfcsocketclient\x64\debug\mfcsocketclient.tlog\rc.read.1.tlog
d:\study\socket\mfcsocketclient\mfcsocketclient\x64\debug\mfcsocketclient.tlog\rc.write.1.tlog
